Start of Triangle #1
*
End of Triangle #1
Start of Triangle #2
 *
***
End of Triangle #2
Start of Triangle #3
  *
 ***
*****
End of Triangle #3
Start of Triangle #4
   *
  ***
 *****
*******
End of Triangle #4
Start of Triangle #5
    *
   ***
  *****
 *******
*********
End of Triangle #5
Start of Triangle #6
     *
    ***
   *****
  *******
 *********
***********
End of Triangle #6
Start of Triangle #7
      *
     ***
    *****
   *******
  *********
 ***********
*************
End of Triangle #7
Start of Triangle #8
       *
      ***
     *****
    *******
   *********
  ***********
 *************
***************
End of Triangle #8
Start of Triangle #9
        *
       ***
      *****
     *******
    *********
   ***********
  *************
 ***************
*****************
End of Triangle #9
Start of Triangle #10
         *
        ***
       *****
      *******
     *********
    ***********
   *************
  ***************
 *****************
*******************
End of Triangle #10
Start of Triangle #11
           *
          ***
         *****
        *******
       *********
      ***********
     *************
    ***************
   *****************
  *******************
 *********************
***********************
End of Triangle #11
Start of Triangle #12
            *
           ***
          *****
         *******
        *********
       ***********
      *************
     ***************
    *****************
   *******************
  *********************
 ***********************
*************************
End of Triangle #12
Start of Triangle #13
             *
            ***
           *****
          *******
         *********
        ***********
       *************
      ***************
     *****************
    *******************
   *********************
  ***********************
 *************************
***************************
End of Triangle #13
Start of Triangle #14
              *
             ***
            *****
           *******
          *********
         ***********
        *************
       ***************
      *****************
     *******************
    *********************
   ***********************
  *************************
 ***************************
*****************************
End of Triangle #14
Start of Triangle #15
                  *
                 ***
                *****
               *******
              *********
             ***********
            *************
           ***************
          *****************
         *******************
        *********************
       ***********************
      *************************
     ***************************
    *****************************
   *******************************
  *********************************
 ***********************************
*************************************
End of Triangle #15
Start of Triangle #16
                   *
                  ***
                 *****
                *******
               *********
              ***********
             *************
            ***************
           *****************
          *******************
         *********************
        ***********************
       *************************
      ***************************
     *****************************
    *******************************
   *********************************
  ***********************************
 *************************************
***************************************
End of Triangle #16
Start of Triangle #17
                    *
                   ***
                  *****
                 *******
                *********
               ***********
              *************
             ***************
            *****************
           *******************
          *********************
         ***********************
        *************************
       ***************************
      *****************************
     *******************************
    *********************************
   ***********************************
  *************************************
 ***************************************
*****************************************
End of Triangle #17
Start of Triangle #18
                     *
                    ***
                   *****
                  *******
                 *********
                ***********
               *************
              ***************
             *****************
            *******************
           *********************
          ***********************
         *************************
        ***************************
       *****************************
      *******************************
     *********************************
    ***********************************
   *************************************
  ***************************************
 *****************************************
*******************************************
End of Triangle #18
Start of Triangle #19
                      *
                     ***
                    *****
                   *******
                  *********
                 ***********
                *************
               ***************
              *****************
             *******************
            *********************
           ***********************
          *************************
         ***************************
        *****************************
       *******************************
      *********************************
     ***********************************
    *************************************
   ***************************************
  *****************************************
 *******************************************
*********************************************
End of Triangle #19
Start of Triangle #20
                        *
                       ***
                      *****
                     *******
                    *********
                   ***********
                  *************
                 ***************
                *****************
               *******************
              *********************
             ***********************
            *************************
           ***************************
          *****************************
         *******************************
        *********************************
       ***********************************
      *************************************
     ***************************************
    *****************************************
   *******************************************
  *********************************************
 ***********************************************
*************************************************
End of Triangle #20
Start of Triangle #21
                         *
                        ***
                       *****
                      *******
                     *********
                    ***********
                   *************
                  ***************
                 *****************
                *******************
               *********************
              ***********************
             *************************
            ***************************
           *****************************
          *******************************
         *********************************
        ***********************************
       *************************************
      ***************************************
     *****************************************
    *******************************************
   *********************************************
  ***********************************************
 *************************************************
***************************************************
End of Triangle #21
Start of Triangle #22
                          *
                         ***
                        *****
                       *******
                      *********
                     ***********
                    *************
                   ***************
                  *****************
                 *******************
                *********************
               ***********************
              *************************
             ***************************
            *****************************
           *******************************
          *********************************
         ***********************************
        *************************************
       ***************************************
      *****************************************
     *******************************************
    *********************************************
   ***********************************************
  *************************************************
 ***************************************************
*****************************************************
End of Triangle #22
Start of Triangle #23
                           *
                          ***
                         *****
                        *******
                       *********
                      ***********
                     *************
                    ***************
                   *****************
                  *******************
                 *********************
                ***********************
               *************************
              ***************************
             *****************************
            *******************************
           *********************************
          ***********************************
         *************************************
        ***************************************
       *****************************************
      *******************************************
     *********************************************
    ***********************************************
   *************************************************
  ***************************************************
 *****************************************************
*******************************************************
End of Triangle #23
Start of Triangle #24
                            *
                           ***
                          *****
                         *******
                        *********
                       ***********
                      *************
                     ***************
                    *****************
                   *******************
                  *********************
                 ***********************
                *************************
               ***************************
              *****************************
             *******************************
            *********************************
           ***********************************
          *************************************
         ***************************************
        *****************************************
       *******************************************
      *********************************************
     ***********************************************
    *************************************************
   ***************************************************
  *****************************************************
 *******************************************************
*********************************************************
End of Triangle #24
Start of Triangle #25
                             *
                            ***
                           *****
                          *******
                         *********
                        ***********
                       *************
                      ***************
                     *****************
                    *******************
                   *********************
                  ***********************
                 *************************
                ***************************
               *****************************
              *******************************
             *********************************
            ***********************************
           *************************************
          ***************************************
         *****************************************
        *******************************************
       *********************************************
      ***********************************************
     *************************************************
    ***************************************************
   *****************************************************
  *******************************************************
 *********************************************************
***********************************************************
End of Triangle #25
