3805 16 120 5083 19340815
-127 -10 -14 -721 91567
123456 21 720 654321 80779853376
-802 -10 16 -208 166816
40091 14 36 19004 761889364
54321 15 120 12345 670592745
-90105 -15 -45 -50109 4515071445
-1 -1 -1 -1 1
394857 36 30240 758493 299496270501
-254601 -18 -240 -106452 27102785652
-111111 -6 1 -111111 12345654321
333333 18 729 333333 111110888889
100001 2 1 100001 10000200001
123 6 6 321 39483
-976 -22 -378 -679 662704
-9076 -22 -378 -6709 60890884
-900760 -22 -378 -67009 60359026840
907060 22 378 60709 55066705540
976000 22 378 679 662704000
900000 9 9 9 8100000
